#
# There is insufficient memory for the Java Runtime Environment to continue.
# Native memory allocation (mmap) failed to map 181403648 bytes for committing reserved memory.
# Possible reasons:
#   The system is out of physical RAM or swap space
#   In 32 bit mode, the process size limit was hit
# Possible solutions:
#   Reduce memory load on the system
#   Increase physical memory or swap space
#   Check if swap backing store is full
#   Use 64 bit Java on a 64 bit OS
#   Decrease Java heap size (-Xmx/-Xms)
#   Decrease number of Java threads
#   Decrease Java thread stack sizes (-Xss)
#   Set larger code cache with -XX:ReservedCodeCacheSize=
# This output file may be truncated or incomplete.
#
#  Out of Memory Error (os_linux.cpp:2627), pid=24298, tid=0x00007f39167e7700
#
# JRE version: Java(TM) SE Runtime Environment (8.0_101-b13) (build 1.8.0_101-b13)
# Java VM: Java HotSpot(TM) 64-Bit Server VM (25.101-b13 mixed mode linux-amd64 compressed oops)
# Failed to write core dump. Core dumps have been disabled. To enable core dumping, try "ulimit -c unlimited" before starting Java again
#

---------------  T H R E A D  ---------------

Current thread (0x00007f394420b000):  VMThread [stack: 0x00007f39166e7000,0x00007f39167e8000] [id=24313]

Stack: [0x00007f39166e7000,0x00007f39167e8000],  sp=0x00007f39167e6320,  free space=1020k
Native frames: (J=compiled Java code, j=interpreted, Vv=VM code, C=native code)
V  [libjvm.so+0xac3f0a]  VMError::report_and_die()+0x2ba
V  [libjvm.so+0x4fbf9b]  report_vm_out_of_memory(char const*, int, unsigned long, VMErrorType, char const*)+0x8b
V  [libjvm.so+0x9222d3]  os::Linux::commit_memory_impl(char*, unsigned long, bool)+0x103
V  [libjvm.so+0x922829]  os::pd_commit_memory(char*, unsigned long, unsigned long, bool)+0x29
V  [libjvm.so+0x91cb2a]  os::commit_memory(char*, unsigned long, unsigned long, bool)+0x2a
V  [libjvm.so+0x991053]  PSVirtualSpace::expand_by(unsigned long)+0x53
V  [libjvm.so+0x992458]  PSYoungGen::resize_generation(unsigned long, unsigned long)+0xf8
V  [libjvm.so+0x9915b2]  PSYoungGen::resize(unsigned long, unsigned long)+0x22
V  [libjvm.so+0x98e88b]  PSScavenge::invoke_no_policy()+0xf3b
V  [libjvm.so+0x98f011]  PSScavenge::invoke()+0x41
V  [libjvm.so+0x945fc0]  ParallelScavengeHeap::failed_mem_allocate(unsigned long)+0x70
V  [libjvm.so+0xac5927]  VM_ParallelGCFailedAllocation::doit()+0x97
V  [libjvm.so+0xacd405]  VM_Operation::evaluate()+0x55
V  [libjvm.so+0xacb7da]  VMThread::evaluate_operation(VM_Operation*)+0xba
V  [libjvm.so+0xacbb5e]  VMThread::loop()+0x1ce
V  [libjvm.so+0xacbfd0]  VMThread::run()+0x70
V  [libjvm.so+0x924698]  java_start(Thread*)+0x108

VM_Operation (0x00007f394cb35e50): ParallelGCFailedAllocation, mode: safepoint, requested by thread 0x00007f3944009800


---------------  P R O C E S S  ---------------

Java Threads: ( => current thread )
  0x00007f3944ed6800 JavaThread "Abandoned connection cleanup thread" daemon [_thread_blocked, id=24325, stack(0x00007f3914bfc000,0x00007f3914cfd000)]
  0x00007f394425d800 JavaThread "Service Thread" daemon [_thread_blocked, id=24321, stack(0x00007f3915c07000,0x00007f3915d08000)]
  0x00007f3944252800 JavaThread "C1 CompilerThread3" daemon [_thread_blocked, id=24320, stack(0x00007f3915d08000,0x00007f3915e09000)]
  0x00007f3944250800 JavaThread "C2 CompilerThread2" daemon [_thread_in_native, id=24319, stack(0x00007f3915e09000,0x00007f3915f0a000)]
  0x00007f394424e800 JavaThread "C2 CompilerThread1" daemon [_thread_in_native, id=24318, stack(0x00007f3915f0a000,0x00007f391600b000)]
  0x00007f394424b800 JavaThread "C2 CompilerThread0" daemon [_thread_blocked, id=24317, stack(0x00007f391600b000,0x00007f391610c000)]
  0x00007f394424a800 JavaThread "Signal Dispatcher" daemon [_thread_blocked, id=24316, stack(0x00007f391610c000,0x00007f391620d000)]
  0x00007f3944217000 JavaThread "Finalizer" daemon [_thread_blocked, id=24315, stack(0x00007f39164e5000,0x00007f39165e6000)]
  0x00007f3944212800 JavaThread "Reference Handler" daemon [_thread_blocked, id=24314, stack(0x00007f39165e6000,0x00007f39166e7000)]
  0x00007f3944009800 JavaThread "main" [_thread_blocked, id=24300, stack(0x00007f394ca38000,0x00007f394cb39000)]

Other Threads:
=>0x00007f394420b000 VMThread [stack: 0x00007f39166e7000,0x00007f39167e8000] [id=24313]
  0x00007f3944260800 WatcherThread [stack: 0x00007f3915b06000,0x00007f3915c07000] [id=24322]

VM state:at safepoint (normal execution)

VM Mutex/Monitor currently owned by a thread:  ([mutex/lock_event])
[0x00007f3944006090] Threads_lock - owner thread: 0x00007f394420b000
[0x00007f3944006590] Heap_lock - owner thread: 0x00007f3944009800

Heap:
 PSYoungGen      total 463872K, used 7893K [0x00000000d6780000, 0x00000000f4c80000, 0x0000000100000000)
  eden space 448512K, 0% used [0x00000000d6780000,0x00000000d6780000,0x00000000f1d80000)
  from space 15360K, 51% used [0x00000000f1d80000,0x00000000f25354d0,0x00000000f2c80000)
  to   space 15872K, 0% used [0x00000000f2c80000,0x00000000f2c80000,0x00000000f3c00000)
 ParOldGen       total 67072K, used 14460K [0x0000000083600000, 0x0000000087780000, 0x00000000d6780000)
  object space 67072K, 21% used [0x0000000083600000,0x000000008441f360,0x0000000087780000)
 Metaspace       used 35767K, capacity 36280K, committed 36560K, reserved 1081344K
  class space    used 4511K, capacity 4641K, committed 4736K, reserved 1048576K

Card table byte_map: [0x00007f3949401000,0x00007f39497e7000] byte_map_base: 0x00007f3948fe6000

Marking Bits: (ParMarkBitMap*) 0x00007f394bf0f120
 Begin Bits: [0x00007f392c1b0000, 0x00007f392e0d8000)
 End Bits:   [0x00007f392e0d8000, 0x00007f3930000000)

Polling page: 0x00007f394cb5e000

CodeCache: size=245760Kb used=16252Kb max_used=16252Kb free=229507Kb
 bounds [0x00007f3935000000, 0x00007f3936000000, 0x00007f3944000000]
 total_blobs=4519 nmethods=4096 adapters=337
 compilation: enabled

Compilation events (10 events):
Event: 6.542 Thread 0x00007f3944252800 4728       3       java.util.HashSet::<init> (17 bytes)
Event: 6.543 Thread 0x00007f3944252800 nmethod 4728 0x00007f3935fee2d0 code [0x00007f3935fee480, 0x00007f3935fee808]
Event: 6.543 Thread 0x00007f3944252800 4729   !   3       sun.reflect.annotation.AnnotationParser::parseClassValue (64 bytes)
Event: 6.543 Thread 0x00007f3944252800 nmethod 4729 0x00007f3935fee9d0 code [0x00007f3935feebe0, 0x00007f3935fef298]
Event: 6.551 Thread 0x00007f3944252800 4731       2       org.springframework.beans.factory.support.DefaultListableBeanFactory::getBeanNamesForType (101 bytes)
Event: 6.552 Thread 0x00007f3944252800 nmethod 4731 0x00007f3935fef6d0 code [0x00007f3935fef8a0, 0x00007f3935fefce8]
Event: 6.553 Thread 0x00007f3944252800 4732       1       org.springframework.beans.factory.support.AbstractBeanDefinition::setBeanClassName (6 bytes)
Event: 6.553 Thread 0x00007f3944252800 nmethod 4732 0x00007f3935feff90 code [0x00007f3935ff00e0, 0x00007f3935ff0210]
Event: 6.564 Thread 0x00007f3944252800 4733       2       org.springframework.core.type.StandardClassMetadata::isInterface (8 bytes)
Event: 6.565 Thread 0x00007f3944252800 nmethod 4733 0x00007f3935ff0290 code [0x00007f3935ff0400, 0x00007f3935ff0588]

GC Heap History (10 events):
Event: 1.626 GC heap after
Heap after GC invocations=6 (full 1):
 PSYoungGen      total 136192K, used 0K [0x00000000d6780000, 0x00000000e8180000, 0x0000000100000000)
  eden space 131072K, 0% used [0x00000000d6780000,0x00000000d6780000,0x00000000de780000)
  from space 5120K, 0% used [0x00000000de780000,0x00000000de780000,0x00000000dec80000)
  to   space 13312K, 0% used [0x00000000e7480000,0x00000000e7480000,0x00000000e8180000)
 ParOldGen       total 53760K, used 9160K [0x0000000083600000, 0x0000000086a80000, 0x00000000d6780000)
  object space 53760K, 17% used [0x0000000083600000,0x0000000083ef2168,0x0000000086a80000)
 Metaspace       used 21201K, capacity 21478K, committed 21628K, reserved 1069056K
  class space    used 2630K, capacity 2737K, committed 2816K, reserved 1048576K
}
Event: 2.478 GC heap before
{Heap before GC invocations=7 (full 1):
 PSYoungGen      total 136192K, used 131072K [0x00000000d6780000, 0x00000000e8180000, 0x0000000100000000)
  eden space 131072K, 100% used [0x00000000d6780000,0x00000000de780000,0x00000000de780000)
  from space 5120K, 0% used [0x00000000de780000,0x00000000de780000,0x00000000dec80000)
  to   space 13312K, 0% used [0x00000000e7480000,0x00000000e7480000,0x00000000e8180000)
 ParOldGen       total 53760K, used 9160K [0x0000000083600000, 0x0000000086a80000, 0x00000000d6780000)
  object space 53760K, 17% used [0x0000000083600000,0x0000000083ef2168,0x0000000086a80000)
 Metaspace       used 28574K, capacity 28940K, committed 29056K, reserved 1075200K
  class space    used 3543K, capacity 3653K, committed 3712K, reserved 1048576K
Event: 2.489 GC heap after
Heap after GC invocations=7 (full 1):
 PSYoungGen      total 253440K, used 9049K [0x00000000d6780000, 0x00000000e7d80000, 0x0000000100000000)
  eden space 244224K, 0% used [0x00000000d6780000,0x00000000d6780000,0x00000000e5600000)
  from space 9216K, 98% used [0x00000000e7480000,0x00000000e7d567d8,0x00000000e7d80000)
  to   space 13312K, 0% used [0x00000000e6380000,0x00000000e6380000,0x00000000e7080000)
 ParOldGen       total 53760K, used 9168K [0x0000000083600000, 0x0000000086a80000, 0x00000000d6780000)
  object space 53760K, 17% used [0x0000000083600000,0x0000000083ef4168,0x0000000086a80000)
 Metaspace       used 28574K, capacity 28940K, committed 29056K, reserved 1075200K
  class space    used 3543K, capacity 3653K, committed 3712K, reserved 1048576K
}
Event: 4.210 GC heap before
{Heap before GC invocations=8 (full 1):
 PSYoungGen      total 253440K, used 253273K [0x00000000d6780000, 0x00000000e7d80000, 0x0000000100000000)
  eden space 244224K, 100% used [0x00000000d6780000,0x00000000e5600000,0x00000000e5600000)
  from space 9216K, 98% used [0x00000000e7480000,0x00000000e7d567d8,0x00000000e7d80000)
  to   space 13312K, 0% used [0x00000000e6380000,0x00000000e6380000,0x00000000e7080000)
 ParOldGen       total 53760K, used 9168K [0x0000000083600000, 0x0000000086a80000, 0x00000000d6780000)
  object space 53760K, 17% used [0x0000000083600000,0x0000000083ef4168,0x0000000086a80000)
 Metaspace       used 34970K, capacity 35330K, committed 35584K, reserved 1081344K
  class space    used 4488K, capacity 4600K, committed 4608K, reserved 1048576K
Event: 4.245 GC heap after
Heap after GC invocations=8 (full 1):
 PSYoungGen      total 271360K, used 13305K [0x00000000d6780000, 0x00000000f3c00000, 0x0000000100000000)
  eden space 258048K, 0% used [0x00000000d6780000,0x00000000d6780000,0x00000000e6380000)
  from space 13312K, 99% used [0x00000000e6380000,0x00000000e707e518,0x00000000e7080000)
  to   space 15872K, 0% used [0x00000000f2c80000,0x00000000f2c80000,0x00000000f3c00000)
 ParOldGen       total 53760K, used 9793K [0x0000000083600000, 0x0000000086a80000, 0x00000000d6780000)
  object space 53760K, 18% used [0x0000000083600000,0x0000000083f905e0,0x0000000086a80000)
 Metaspace       used 34970K, capacity 35330K, committed 35584K, reserved 1081344K
  class space    used 4488K, capacity 4600K, committed 4608K, reserved 1048576K
}
Event: 4.899 GC heap before
{Heap before GC invocations=9 (full 1):
 PSYoungGen      total 271360K, used 190161K [0x00000000d6780000, 0x00000000f3c00000, 0x0000000100000000)
  eden space 258048K, 68% used [0x00000000d6780000,0x00000000e1436238,0x00000000e6380000)
  from space 13312K, 99% used [0x00000000e6380000,0x00000000e707e518,0x00000000e7080000)
  to   space 15872K, 0% used [0x00000000f2c80000,0x00000000f2c80000,0x00000000f3c00000)
 ParOldGen       total 53760K, used 9793K [0x0000000083600000, 0x0000000086a80000, 0x00000000d6780000)
  object space 53760K, 18% used [0x0000000083600000,0x0000000083f905e0,0x0000000086a80000)
 Metaspace       used 35333K, capacity 35764K, committed 36048K, reserved 1081344K
  class space    used 4499K, capacity 4619K, committed 4736K, reserved 1048576K
Event: 4.915 GC heap after
Heap after GC invocations=9 (full 1):
 PSYoungGen      total 464384K, used 7891K [0x00000000d6780000, 0x00000000f4c80000, 0x0000000100000000)
  eden space 448512K, 0% used [0x00000000d6780000,0x00000000d6780000,0x00000000f1d80000)
  from space 15872K, 49% used [0x00000000f2c80000,0x00000000f3434d00,0x00000000f3c00000)
  to   space 15360K, 0% used [0x00000000f1d80000,0x00000000f1d80000,0x00000000f2c80000)
 ParOldGen       total 53760K, used 9801K [0x0000000083600000, 0x0000000086a80000, 0x00000000d6780000)
  object space 53760K, 18% used [0x0000000083600000,0x0000000083f925e0,0x0000000086a80000)
 Metaspace       used 35333K, capacity 35764K, committed 36048K, reserved 1081344K
  class space    used 4499K, capacity 4619K, committed 4736K, reserved 1048576K
}
Event: 4.915 GC heap before
{Heap before GC invocations=10 (full 2):
 PSYoungGen      total 464384K, used 7891K [0x00000000d6780000, 0x00000000f4c80000, 0x0000000100000000)
  eden space 448512K, 0% used [0x00000000d6780000,0x00000000d6780000,0x00000000f1d80000)
  from space 15872K, 49% used [0x00000000f2c80000,0x00000000f3434d00,0x00000000f3c00000)
  to   space 15360K, 0% used [0x00000000f1d80000,0x00000000f1d80000,0x00000000f2c80000)
 ParOldGen       total 53760K, used 9801K [0x0000000083600000, 0x0000000086a80000, 0x00000000d6780000)
  object space 53760K, 18% used [0x0000000083600000,0x0000000083f925e0,0x0000000086a80000)
 Metaspace       used 35333K, capacity 35764K, committed 36048K, reserved 1081344K
  class space    used 4499K, capacity 4619K, committed 4736K, reserved 1048576K
Event: 4.992 GC heap after
Heap after GC invocations=10 (full 2):
 PSYoungGen      total 464384K, used 0K [0x00000000d6780000, 0x00000000f4c80000, 0x0000000100000000)
  eden space 448512K, 0% used [0x00000000d6780000,0x00000000d6780000,0x00000000f1d80000)
  from space 15872K, 0% used [0x00000000f2c80000,0x00000000f2c80000,0x00000000f3c00000)
  to   space 15360K, 0% used [0x00000000f1d80000,0x00000000f1d80000,0x00000000f2c80000)
 ParOldGen       total 67072K, used 14452K [0x0000000083600000, 0x0000000087780000, 0x00000000d6780000)
  object space 67072K, 21% used [0x0000000083600000,0x000000008441d360,0x0000000087780000)
 Metaspace       used 35333K, capacity 35764K, committed 36048K, reserved 1081344K
  class space    used 4499K, capacity 4619K, committed 4736K, reserved 1048576K
}
Event: 6.570 GC heap before
{Heap before GC invocations=11 (full 2):
 PSYoungGen      total 464384K, used 448512K [0x00000000d6780000, 0x00000000f4c80000, 0x0000000100000000)
  eden space 448512K, 100% used [0x00000000d6780000,0x00000000f1d80000,0x00000000f1d80000)
  from space 15872K, 0% used [0x00000000f2c80000,0x00000000f2c80000,0x00000000f3c00000)
  to   space 15360K, 0% used [0x00000000f1d80000,0x00000000f1d80000,0x00000000f2c80000)
 ParOldGen       total 67072K, used 14452K [0x0000000083600000, 0x0000000087780000, 0x00000000d6780000)
  object space 67072K, 21% used [0x0000000083600000,0x000000008441d360,0x0000000087780000)
 Metaspace       used 35767K, capacity 36280K, committed 36560K, reserved 1081344K
  class space    used 4511K, capacity 4641K, committed 4736K, reserved 1048576K

Deoptimization events (10 events):
Event: 3.993 Thread 0x00007f3944009800 Uncommon trap: reason=bimorphic action=maybe_recompile pc=0x00007f3935c5e174 method=org.springframework.asm.ClassReader.readCode(Lorg/springframework/asm/MethodVisitor;Lorg/springframework/asm/Context;I)V @ 2352
Event: 4.093 Thread 0x00007f3944009800 Uncommon trap: reason=array_check action=maybe_recompile pc=0x00007f3935c79508 method=org.springframework.core.type.classreading.AnnotationReadingVisitorUtils.convertClassValues(Ljava/lang/Object;Ljava/lang/ClassLoader;Lorg/springframework/core/annotation
Event: 4.093 Thread 0x00007f3944009800 Uncommon trap: reason=array_check action=maybe_recompile pc=0x00007f3935c79508 method=org.springframework.core.type.classreading.AnnotationReadingVisitorUtils.convertClassValues(Ljava/lang/Object;Ljava/lang/ClassLoader;Lorg/springframework/core/annotation
Event: 4.093 Thread 0x00007f3944009800 Uncommon trap: reason=array_check action=maybe_recompile pc=0x00007f3935c79508 method=org.springframework.core.type.classreading.AnnotationReadingVisitorUtils.convertClassValues(Ljava/lang/Object;Ljava/lang/ClassLoader;Lorg/springframework/core/annotation
Event: 4.093 Thread 0x00007f3944009800 Uncommon trap: reason=array_check action=maybe_recompile pc=0x00007f3935c79508 method=org.springframework.core.type.classreading.AnnotationReadingVisitorUtils.convertClassValues(Ljava/lang/Object;Ljava/lang/ClassLoader;Lorg/springframework/core/annotation
Event: 4.342 Thread 0x00007f3944009800 Uncommon trap: reason=null_check action=make_not_entrant pc=0x00007f3935ce1228 method=org.springframework.util.ClassUtils.isAssignable(Ljava/lang/Class;Ljava/lang/Class;)Z @ 14
Event: 4.529 Thread 0x00007f3944009800 Uncommon trap: reason=bimorphic action=maybe_recompile pc=0x00007f3935c5e174 method=org.springframework.asm.ClassReader.readCode(Lorg/springframework/asm/MethodVisitor;Lorg/springframework/asm/Context;I)V @ 2352
Event: 4.890 Thread 0x00007f3944009800 Uncommon trap: reason=bimorphic action=maybe_recompile pc=0x00007f3935c5e174 method=org.springframework.asm.ClassReader.readCode(Lorg/springframework/asm/MethodVisitor;Lorg/springframework/asm/Context;I)V @ 2352
Event: 5.363 Thread 0x00007f3944009800 Uncommon trap: reason=bimorphic action=maybe_recompile pc=0x00007f3935c5e174 method=org.springframework.asm.ClassReader.readCode(Lorg/springframework/asm/MethodVisitor;Lorg/springframework/asm/Context;I)V @ 2352
Event: 5.892 Thread 0x00007f3944009800 Uncommon trap: reason=null_check action=make_not_entrant pc=0x00007f39355c16c0 method=org.springframework.core.annotation.AnnotatedElementUtils.searchWithGetSemanticsInAnnotations(Ljava/lang/reflect/AnnotatedElement;Ljava/util/List;Ljava/lang/Class;Ljava/

Internal exceptions (10 events):
Event: 6.439 Thread 0x00007f3944009800 Exception <a 'java/lang/ClassNotFoundException': javax/sql/DataSourceCustomizer> (0x00000000f059b928) thrown at [/HUDSON3/workspace/8-2-build-linux-amd64/jdk8u101/7261/hotspot/src/share/vm/classfile/systemDictionary.cpp, line 210]
Event: 6.476 Thread 0x00007f3944009800 Exception <a 'java/lang/ClassNotFoundException': java/lang/ObjectCustomizer> (0x00000000f0d3a010) thrown at [/HUDSON3/workspace/8-2-build-linux-amd64/jdk8u101/7261/hotspot/src/share/vm/classfile/systemDictionary.cpp, line 210]
Event: 6.477 Thread 0x00007f3944009800 Exception <a 'java/lang/ClassNotFoundException': org/springframework/boot/SpringApplicationCustomizer> (0x00000000f0d530f8) thrown at [/HUDSON3/workspace/8-2-build-linux-amd64/jdk8u101/7261/hotspot/src/share/vm/classfile/systemDictionary.cpp, line 210]
Event: 6.531 Thread 0x00007f3944009800 Exception <a 'java/lang/ClassNotFoundException': java/lang/ObjectCustomizer> (0x00000000f16c9938) thrown at [/HUDSON3/workspace/8-2-build-linux-amd64/jdk8u101/7261/hotspot/src/share/vm/classfile/systemDictionary.cpp, line 210]
Event: 6.531 Thread 0x00007f3944009800 Exception <a 'java/lang/ClassNotFoundException': org/springframework/context/annotation/ConfigurationClassPostProcessorCustomizer> (0x00000000f16e9d18) thrown at [/HUDSON3/workspace/8-2-build-linux-amd64/jdk8u101/7261/hotspot/src/share/vm/classfile/system
Event: 6.532 Thread 0x00007f3944009800 Exception <a 'java/lang/ClassNotFoundException': org/springframework/beans/factory/support/BeanDefinitionRegistryPostProcessorCustomizer> (0x00000000f17195d8) thrown at [/HUDSON3/workspace/8-2-build-linux-amd64/jdk8u101/7261/hotspot/src/share/vm/classfile
Event: 6.532 Thread 0x00007f3944009800 Exception <a 'java/lang/ClassNotFoundException': org/springframework/core/PriorityOrderedCustomizer> (0x00000000f172ecb8) thrown at [/HUDSON3/workspace/8-2-build-linux-amd64/jdk8u101/7261/hotspot/src/share/vm/classfile/systemDictionary.cpp, line 210]
Event: 6.533 Thread 0x00007f3944009800 Exception <a 'java/lang/ClassNotFoundException': org/springframework/context/ResourceLoaderAwareCustomizer> (0x00000000f17454d0) thrown at [/HUDSON3/workspace/8-2-build-linux-amd64/jdk8u101/7261/hotspot/src/share/vm/classfile/systemDictionary.cpp, line 21
Event: 6.533 Thread 0x00007f3944009800 Exception <a 'java/lang/ClassNotFoundException': org/springframework/beans/factory/BeanClassLoaderAwareCustomizer> (0x00000000f175edb8) thrown at [/HUDSON3/workspace/8-2-build-linux-amd64/jdk8u101/7261/hotspot/src/share/vm/classfile/systemDictionary.cpp, 
Event: 6.533 Thread 0x00007f3944009800 Exception <a 'java/lang/ClassNotFoundException': org/springframework/context/EnvironmentAwareCustomizer> (0x00000000f1775c00) thrown at [/HUDSON3/workspace/8-2-build-linux-amd64/jdk8u101/7261/hotspot/src/share/vm/classfile/systemDictionary.cpp, line 210]

Events (10 events):
Event: 6.533 loading class org/springframework/context/EnvironmentAwareCustomizer done
Event: 6.533 loading class org/springframework/context/EnvironmentAwareCustomizer
Event: 6.533 loading class org/springframework/context/EnvironmentAwareCustomizer done
Event: 6.533 loading class org/springframework/context/EnvironmentAwareCustomizer
Event: 6.533 loading class org/springframework/context/EnvironmentAwareCustomizer done
Event: 6.536 loading class javax/inject/Named
Event: 6.536 loading class javax/inject/Named done
Event: 6.536 loading class javax/inject$Named
Event: 6.536 loading class javax/inject$Named done
Event: 6.570 Executing VM operation: ParallelGCFailedAllocation


Dynamic libraries:
00400000-00401000 r-xp 00000000 fc:00 1455662                            /usr/lib/jvm/java-8-oracle/jre/bin/java
00600000-00601000 rw-p 00000000 fc:00 1455662                            /usr/lib/jvm/java-8-oracle/jre/bin/java
0068d000-006ae000 rw-p 00000000 00:00 0                                  [heap]
83600000-87780000 rw-p 00000000 00:00 0 
87780000-d6780000 ---p 00000000 00:00 0 
d6780000-f4c80000 rw-p 00000000 00:00 0 
ff980000-100000000 ---p 00000000 00:00 0 
100000000-1004a0000 rw-p 00000000 00:00 0 
1004a0000-140000000 ---p 00000000 00:00 0 
7f38d0000000-7f38d0021000 rw-p 00000000 00:00 0 
7f38d0021000-7f38d4000000 ---p 00000000 00:00 0 
7f38d75ca000-7f38d77ca000 rw-p 00000000 00:00 0 
7f38d7800000-7f38d7914000 rw-p 00000000 00:00 0 
7f38d7914000-7f38d7a00000 ---p 00000000 00:00 0 
7f38d7a00000-7f38d7c00000 rw-p 00000000 00:00 0 
7f38d7c00000-7f38d7e00000 rw-p 00000000 00:00 0 
7f38d7e00000-7f38d8000000 rw-p 00000000 00:00 0 
7f38d8000000-7f38d8021000 rw-p 00000000 00:00 0 
7f38d8021000-7f38dc000000 ---p 00000000 00:00 0 
7f38dc000000-7f38dc33f000 rw-p 00000000 00:00 0 
7f38dc33f000-7f38e0000000 ---p 00000000 00:00 0 
7f38e0000000-7f38e0bd3000 rw-p 00000000 00:00 0 
7f38e0bd3000-7f38e4000000 ---p 00000000 00:00 0 
7f38e4000000-7f38e4021000 rw-p 00000000 00:00 0 
7f38e4021000-7f38e8000000 ---p 00000000 00:00 0 
7f38e8000000-7f38e9e9d000 rw-p 00000000 00:00 0 
7f38e9e9d000-7f38ec000000 ---p 00000000 00:00 0 
7f38ec000000-7f38ed9b3000 rw-p 00000000 00:00 0 
7f38ed9b3000-7f38f0000000 ---p 00000000 00:00 0 
7f38f0000000-7f38f0021000 rw-p 00000000 00:00 0 
7f38f0021000-7f38f4000000 ---p 00000000 00:00 0 
7f38f4000000-7f38f5a61000 rw-p 00000000 00:00 0 
7f38f5a61000-7f38f8000000 ---p 00000000 00:00 0 
7f38f8000000-7f38f8021000 rw-p 00000000 00:00 0 
7f38f8021000-7f38fc000000 ---p 00000000 00:00 0 
7f38fc000000-7f38fc021000 rw-p 00000000 00:00 0 
7f38fc021000-7f3900000000 ---p 00000000 00:00 0 
7f3900000000-7f3900021000 rw-p 00000000 00:00 0 
7f3900021000-7f3904000000 ---p 00000000 00:00 0 
7f3904000000-7f390428f000 rw-p 00000000 00:00 0 
7f390428f000-7f3908000000 ---p 00000000 00:00 0 
7f3908000000-7f3908021000 rw-p 00000000 00:00 0 
7f3908021000-7f390c000000 ---p 00000000 00:00 0 
7f390c000000-7f390c021000 rw-p 00000000 00:00 0 
7f390c021000-7f3910000000 ---p 00000000 00:00 0 
7f3910000000-7f3910021000 rw-p 00000000 00:00 0 
7f3910021000-7f3914000000 ---p 00000000 00:00 0 
7f3914038000-7f391403b000 ---p 00000000 00:00 0 
7f391403b000-7f3914139000 rw-p 00000000 00:00 0 
7f3914139000-7f391413d000 r--s 00097000 fc:00 1455673                    /usr/lib/jvm/java-8-oracle/jre/lib/jsse.jar
7f391413d000-7f39141d3000 r--s 01102000 fc:00 1455834                    /usr/lib/jvm/java-8-oracle/jre/lib/ext/jfxrt.jar
7f39141d3000-7f39143d3000 rw-p 00000000 00:00 0 
7f39143d3000-7f39143e4000 r-xp 00000000 fc:00 1455865                    /usr/lib/jvm/java-8-oracle/jre/lib/amd64/libnio.so
7f39143e4000-7f39145e3000 ---p 00011000 fc:00 1455865                    /usr/lib/jvm/java-8-oracle/jre/lib/amd64/libnio.so
7f39145e3000-7f39145e4000 rw-p 00010000 fc:00 1455865                    /usr/lib/jvm/java-8-oracle/jre/lib/amd64/libnio.so
7f39145e4000-7f39145f7000 r--s 00345000 fc:00 1455756                    /usr/lib/jvm/java-8-oracle/jre/lib/resources.jar
7f39145f7000-7f39147f7000 rw-p 00000000 00:00 0 
7f39147f7000-7f39149f7000 rw-p 00000000 00:00 0 
7f39149f7000-7f3914bf7000 rw-p 00000000 00:00 0 
7f3914bf7000-7f3914bfc000 r--s 002f9000 fc:00 1455747                    /usr/lib/jvm/java-8-oracle/jre/lib/charsets.jar
7f3914bfc000-7f3914bff000 ---p 00000000 00:00 0 
7f3914bff000-7f3914ffe000 rw-p 00000000 00:00 0 
7f3914ffe000-7f3915014000 r-xp 00000000 fc:00 1455873                    /usr/lib/jvm/java-8-oracle/jre/lib/amd64/libnet.so
7f3915014000-7f3915214000 ---p 00016000 fc:00 1455873                    /usr/lib/jvm/java-8-oracle/jre/lib/amd64/libnet.so
7f3915214000-7f3915215000 rw-p 00016000 fc:00 1455873                    /usr/lib/jvm/java-8-oracle/jre/lib/amd64/libnet.so
7f3915215000-7f391521e000 r-xp 00000000 fc:00 1455910                    /usr/lib/jvm/java-8-oracle/jre/lib/amd64/libmanagement.so
7f391521e000-7f391541d000 ---p 00009000 fc:00 1455910                    /usr/lib/jvm/java-8-oracle/jre/lib/amd64/libmanagement.so
7f391541d000-7f391541e000 rw-p 00008000 fc:00 1455910                    /usr/lib/jvm/java-8-oracle/jre/lib/amd64/libmanagement.so
7f391541e000-7f391561e000 rw-p 00000000 00:00 0 
7f391561e000-7f391581e000 rw-p 00000000 00:00 0 
7f391581e000-7f3915a1e000 rw-p 00000000 00:00 0 
7f3915a1e000-7f3915a20000 r--s 0000f000 00:2d 4327895                    /home/kaikun/.m2/repository/org/apache/maven/surefire/surefire-junit4/2.18.1/surefire-junit4-2.18.1.jar
7f3915a20000-7f3915a27000 r--s 00064000 00:2d 4199388                    /home/kaikun/.m2/repository/org/apache/commons/commons-lang3/3.4/commons-lang3-3.4.jar
7f3915a27000-7f3915a29000 r--s 00010000 00:2d 4199386                    /home/kaikun/.m2/repository/io/rest-assured/xml-path/3.0.1/xml-path-3.0.1.jar
7f3915a29000-7f3915a2b000 r--s 00008000 00:2d 4199384                    /home/kaikun/.m2/repository/io/rest-assured/rest-assured-common/3.0.1/rest-assured-common-3.0.1.jar
7f3915a2b000-7f3915a2e000 r--s 0001d000 00:2d 4327755                    /home/kaikun/.m2/repository/org/codehaus/groovy/groovy-json/2.4.7/groovy-json-2.4.7.jar
7f3915a2e000-7f3915a30000 r--s 0000b000 00:2d 4199380                    /home/kaikun/.m2/repository/io/rest-assured/json-path/3.0.1/json-path-3.0.1.jar
7f3915a30000-7f3915a32000 r--s 00015000 00:2d 4199378                    /home/kaikun/.m2/repository/org/ccil/cowan/tagsoup/tagsoup/1.2.1/tagsoup-1.2.1.jar
7f3915a32000-7f3915a34000 r--s 00009000 00:2d 4327753                    /home/kaikun/.m2/repository/org/apache/httpcomponents/httpmime/4.5.2/httpmime-4.5.2.jar
7f3915a34000-7f3915a3b000 r--s 0003f000 00:2d 4327751                    /home/kaikun/.m2/repository/commons-codec/commons-codec/1.10/commons-codec-1.10.jar
7f3915a3b000-7f3915a42000 r--s 00049000 00:2d 4327749                    /home/kaikun/.m2/repository/org/apache/httpcomponents/httpcore/4.4.5/httpcore-4.4.5.jar
7f3915a42000-7f3915a4f000 r--s 000a7000 00:2d 4327747                    /home/kaikun/.m2/repository/org/apache/httpcomponents/httpclient/4.5.2/httpclient-4.5.2.jar
7f3915a4f000-7f3915a53000 r--s 00031000 00:2d 4327745                    /home/kaikun/.m2/repository/org/codehaus/groovy/groovy-xml/2.4.7/groovy-xml-2.4.7.jar
7f3915a53000-7f3915aa0000 r--s 0040b000 00:2d 4327743                    /home/kaikun/.m2/repository/org/codehaus/groovy/groovy/2.4.7/groovy-2.4.7.jar
7f3915aa0000-7f3915aaa000 r--s 00089000 00:2d 4199364                    /home/kaikun/.m2/repository/io/rest-assured/rest-assured/3.0.1/rest-assured-3.0.1.jar
7f3915aaa000-7f3915aac000 r--s 00005000 00:2d 4199362                    /home/kaikun/.m2/repository/org/objenesis/objenesis/1.0/objenesis-1.0.jar
7f3915aac000-7f3915acb000 r--s 00150000 00:2d 4199360                    /home/kaikun/.m2/repository/org/mockito/mockito-core/1.9.5/mockito-core-1.9.5.jar
7f3915acb000-7f3915ad3000 r--s 00045000 00:2d 4206056                    /home/kaikun/.m2/repository/junit/junit/4.12/junit-4.12.jar
7f3915ad3000-7f3915ad4000 r--s 0000f000 00:2d 4327877                    /home/kaikun/.m2/repository/org/json/json/20140107/json-20140107.jar
7f3915ad4000-7f3915ad5000 r--s 00006000 00:2d 4327875                    /home/kaikun/.m2/repository/org/skyscreamer/jsonassert/1.3.0/jsonassert-1.3.0.jar
7f3915ad5000-7f3915ae8000 r--s 000d2000 00:2d 4327873                    /home/kaikun/.m2/repository/org/assertj/assertj-core/2.5.0/assertj-core-2.5.0.jar
7f3915ae8000-7f3915b06000 r--s 000d0000 00:2d 4327582                    /home/kaikun/.m2/repository/org/springframework/boot/spring-boot-autoconfigure/1.4.3.RELEASE/spring-boot-autoconfigure-1.4.3.RELEASE.jar
7f3915b06000-7f3915b07000 ---p 00000000 00:00 0 
7f3915b07000-7f3915c07000 rw-p 00000000 00:00 0 
7f3915c07000-7f3915c0a000 ---p 00000000 00:00 0 
7f3915c0a000-7f3915d08000 rw-p 00000000 00:00 0 
7f3915d08000-7f3915d0b000 ---p 00000000 00:00 0 
7f3915d0b000-7f3915e09000 rw-p 00000000 00:00 0 
7f3915e09000-7f3915e0c000 ---p 00000000 00:00 0 
7f3915e0c000-7f3915f0a000 rw-p 00000000 00:00 0 
7f3915f0a000-7f3915f0d000 ---p 00000000 00:00 0 
7f3915f0d000-7f391600b000 rw-p 00000000 00:00 0 
7f391600b000-7f391600e000 ---p 00000000 00:00 0 
7f391600e000-7f391610c000 rw-p 00000000 00:00 0 
7f391610c000-7f391610f000 ---p 00000000 00:00 0 
7f391610f000-7f391620d000 rw-p 00000000 00:00 0 
7f391620d000-7f39164e5000 r--p 00000000 fc:00 1312114                    /usr/lib/locale/locale-archive
7f39164e5000-7f39164e8000 ---p 00000000 00:00 0 
7f39164e8000-7f39165e6000 rw-p 00000000 00:00 0 
7f39165e6000-7f39165e9000 ---p 00000000 00:00 0 
7f39165e9000-7f39166e7000 rw-p 00000000 00:00 0 
7f39166e7000-7f39166e8000 ---p 00000000 00:00 0 
7f39166e8000-7f3918000000 rw-p 00000000 00:00 0 
7f3918000000-7f3918021000 rw-p 00000000 00:00 0 
7f3918021000-7f391c000000 ---p 00000000 00:00 0 
7f391c000000-7f391c021000 rw-p 00000000 00:00 0 
7f391c021000-7f3920000000 ---p 00000000 00:00 0 
7f3920000000-7f3920021000 rw-p 00000000 00:00 0 
7f3920021000-7f3924000000 ---p 00000000 00:00 0 
7f3924000000-7f3924021000 rw-p 00000000 00:00 0 
7f3924021000-7f3928000000 ---p 00000000 00:00 0 
7f3928000000-7f3928021000 rw-p 00000000 00:00 0 
7f3928021000-7f392c000000 ---p 00000000 00:00 0 
7f392c000000-7f392c001000 r--s 0000c000 00:2d 4078188                    /home/kaikun/.m2/repository/org/hamcrest/hamcrest-library/1.3/hamcrest-library-1.3.jar
7f392c001000-7f392c003000 r--s 00009000 00:2d 4206055                    /home/kaikun/.m2/repository/org/hamcrest/hamcrest-core/1.3/hamcrest-core-1.3.jar
7f392c003000-7f392c004000 r--s 0000c000 00:2d 4327871                    /home/kaikun/.m2/repository/org/ow2/asm/asm/5.0.3/asm-5.0.3.jar
7f392c004000-7f392c006000 r--s 00012000 00:2d 4327869                    /home/kaikun/.m2/repository/net/minidev/accessors-smart/1.1/accessors-smart-1.1.jar
7f392c006000-7f392c009000 r--s 0001b000 00:2d 4327867                    /home/kaikun/.m2/repository/net/minidev/json-smart/2.2.1/json-smart-2.2.1.jar
7f392c009000-7f392c00e000 r--s 0002e000 00:2d 4327865                    /home/kaikun/.m2/repository/com/jayway/jsonpath/json-path/2.2.0/json-path-2.2.0.jar
7f392c00e000-7f392c013000 r--s 00017000 00:2d 4327863                    /home/kaikun/.m2/repository/org/springframework/boot/spring-boot-test-autoconfigure/1.4.3.RELEASE/spring-boot-test-autoconfigure-1.4.3.RELEASE.jar
7f392c013000-7f392c023000 r--s 00092000 00:2d 4327580                    /home/kaikun/.m2/repository/org/springframework/boot/spring-boot/1.4.3.RELEASE/spring-boot-1.4.3.RELEASE.jar
7f392c023000-7f392c028000 r--s 00021000 00:2d 4327861                    /home/kaikun/.m2/repository/org/springframework/boot/spring-boot-test/1.4.3.RELEASE/spring-boot-test-1.4.3.RELEASE.jar
7f392c028000-7f392c03e000 r--s 000fa000 00:2d 4327520                    /home/kaikun/.m2/repository/org/springframework/spring-core/4.3.5.RELEASE/spring-core-4.3.5.RELEASE.jar
7f392c03e000-7f392c04d000 r--s 00084000 00:2d 4327614                    /home/kaikun/.m2/repository/org/springframework/spring-test/4.3.5.RELEASE/spring-test-4.3.5.RELEASE.jar
7f392c04d000-7f392c05e000 r--s 000cf000 00:2d 4327612                    /home/kaikun/.m2/repository/org/springframework/spring-webmvc/4.3.5.RELEASE/spring-webmvc-4.3.5.RELEASE.jar
7f392c05e000-7f392c062000 r--s 00041000 00:2d 4327610                    /home/kaikun/.m2/repository/com/fasterxml/jackson/core/jackson-core/2.8.5/jackson-core-2.8.5.jar
7f392c062000-7f392c065000 r--s 0000b000 00:2d 4327608                    /home/kaikun/.m2/repository/com/fasterxml/jackson/core/jackson-annotations/2.8.5/jackson-annotations-2.8.5.jar
7f392c065000-7f392c076000 r--s 0011d000 00:2d 4327606                    /home/kaikun/.m2/repository/com/fasterxml/jackson/core/jackson-databind/2.8.5/jackson-databind-2.8.5.jar
7f392c076000-7f392c086000 r--s 0009c000 00:2d 4327602                    /home/kaikun/.m2/repository/org/hibernate/hibernate-validator/5.2.4.Final/hibernate-validator-5.2.4.Final.jar
7f392c086000-7f392c0af000 r--s 002b2000 00:2d 4327596                    /home/kaikun/.m2/repository/org/apache/tomcat/embed/tomcat-embed-core/8.5.6/tomcat-embed-core-8.5.6.jar
7f392c0af000-7f3930000000 rw-p 00000000 00:00 0 
7f3930000000-7f3930021000 rw-p 00000000 00:00 0 
7f3930021000-7f3934000000 ---p 00000000 00:00 0 
7f3934000000-7f3934001000 r--s 00000000 00:2d 4327859                    /home/kaikun/.m2/repository/org/springframework/boot/spring-boot-starter-test/1.4.3.RELEASE/spring-boot-starter-test-1.4.3.RELEASE.jar
7f3934001000-7f3934003000 r--s 0000e000 00:2d 4327604                    /home/kaikun/.m2/repository/com/fasterxml/classmate/1.3.3/classmate-1.3.3.jar
7f3934003000-7f3934007000 r--s 0000c000 00:2d 4199181                    /home/kaikun/.m2/repository/javax/validation/validation-api/1.1.0.Final/validation-api-1.1.0.Final.jar
7f3934007000-7f393400c000 r--s 00036000 00:2d 4327600                    /home/kaikun/.m2/repository/org/apache/tomcat/embed/tomcat-embed-websocket/8.5.6/tomcat-embed-websocket-8.5.6.jar
7f393400c000-7f3934011000 r--s 00036000 00:2d 4327598                    /home/kaikun/.m2/repository/org/apache/tomcat/embed/tomcat-embed-el/8.5.6/tomcat-embed-el-8.5.6.jar
7f3934011000-7f3934012000 r--s 00000000 00:2d 4327594                    /home/kaikun/.m2/repository/org/springframework/boot/spring-boot-starter-tomcat/1.4.3.RELEASE/spring-boot-starter-tomcat-1.4.3.RELEASE.jar
7f3934012000-7f3934018000 r--s 0003d000 00:2d 4327592                    /home/kaikun/.m2/repository/org/yaml/snakeyaml/1.17/snakeyaml-1.17.jar
7f3934018000-7f393401a000 r--s 00004000 00:2d 4327590                    /home/kaikun/.m2/repository/org/slf4j/log4j-over-slf4j/1.7.22/log4j-over-slf4j-1.7.22.jar
7f393401a000-7f393401c000 r--s 00000000 00:2d 4327588                    /home/kaikun/.m2/repository/org/slf4j/jul-to-slf4j/1.7.22/jul-to-slf4j-1.7.22.jar
7f393401c000-7f393401e000 r--s 00003000 00:2d 4327586                    /home/kaikun/.m2/repository/org/slf4j/jcl-over-slf4j/1.7.22/jcl-over-slf4j-1.7.22.jar
7f393401e000-7f393401f000 r--s 00000000 00:2d 4327584                    /home/kaikun/.m2/repository/org/springframework/boot/spring-boot-starter-logging/1.4.3.RELEASE/spring-boot-starter-logging-1.4.3.RELEASE.jar
7f393401f000-7f3934020000 r--s 00000000 00:2d 4327578                    /home/kaikun/.m2/repository/org/springframework/boot/spring-boot-starter/1.4.3.RELEASE/spring-boot-starter-1.4.3.RELEASE.jar
7f3934020000-7f3934021000 r--s 00000000 00:2d 4327448                    /home/kaikun/.m2/repository/org/springframework/boot/spring-boot-starter-web/1.4.3.RELEASE/spring-boot-starter-web-1.4.3.RELEASE.jar
7f3934021000-7f393402b000 r--s 00069000 00:2d 4327574                    /home/kaikun/.m2/repository/ch/qos/logback/logback-core/1.1.8/logback-core-1.1.8.jar
7f393402b000-7f3934031000 r--s 00045000 00:2d 4327741                    /home/kaikun/.m2/repository/ch/qos/logback/logback-classic/1.1.8/logback-classic-1.1.8.jar
7f3934031000-7f393403a000 r--s 000e9000 00:2d 4327737                    /home/kaikun/.m2/repository/mysql/mysql-connector-java/5.1.40/mysql-connector-java-5.1.40.jar
7f393403a000-7f3934042000 r--s 0003a000 00:2d 4327572                    /home/kaikun/.m2/repository/org/springframework/spring-tx/4.3.5.RELEASE/spring-tx-4.3.5.RELEASE.jar
7f3934042000-7f393404c000 r--s 0005f000 00:2d 4327570                    /home/kaikun/.m2/repository/org/springframework/spring-jdbc/4.3.5.RELEASE/spring-jdbc-4.3.5.RELEASE.jar
7f393404c000-7f3934056000 r--s 0006b000 00:2d 4327568                    /home/kaikun/.m2/repository/org/springframework/spring-orm/4.3.5.RELEASE/spring-orm-4.3.5.RELEASE.jar
7f3934056000-7f3934059000 r--s 00010000 00:2d 4327735                    /home/kaikun/.m2/repository/org/hibernate/common/hibernate-commons-annotations/5.0.1.Final/hibernate-commons-annotations-5.0.1.Final.jar
7f3934059000-7f3934062000 r--s 0002d000 00:2d 4213296                    /home/kaikun/.m2/repository/xml-apis/xml-apis/1.4.01/xml-apis-1.4.01.jar
7f3934062000-7f3934067000 r--s 00048000 00:2d 4063570                    /home/kaikun/.m2/repository/dom4j/dom4j/1.6.1/dom4j-1.6.1.jar
7f3934067000-7f393406a000 r--s 0002b000 00:2d 4327733                    /home/kaikun/.m2/repository/org/jboss/jandex/2.0.0.Final/jandex-2.0.0.Final.jar
7f393406a000-7f393406f000 r--s 00068000 00:2d 4198881                    /home/kaikun/.m2/repository/antlr/antlr/2.7.7/antlr-2.7.7.jar
7f393406f000-7f3934079000 r--s 000ae000 00:2d 4327566                    /home/kaikun/.m2/repository/org/javassist/javassist/3.20.0-GA/javassist-3.20.0-GA.jar
7f3934079000-7f393407e000 r--s 00017000 00:2d 4327729                    /home/kaikun/.m2/repository/org/hibernate/javax/persistence/hibernate-jpa-2.1-api/1.0.0.Final/hibernate-jpa-2.1-api-1.0.0.Final.jar
7f393407e000-7f39340e7000 r--s 004f3000 00:2d 4327727                    /home/kaikun/.m2/repository/org/hibernate/hibernate-core/5.0.11.Final/hibernate-core-5.0.11.Final.jar
7f39340e7000-7f39340f9000 r--s 000b6000 00:2d 4327562                    /home/kaikun/.m2/repository/org/springframework/spring-web/4.3.5.RELEASE/spring-web-4.3.5.RELEASE.jar
7f39340f9000-7f3935000000 rw-p 00000000 00:00 0 
7f3935000000-7f3936000000 rwxp 00000000 00:00 0 
7f3936000000-7f3944000000 ---p 00000000 00:00 0 
7f3944000000-7f394594a000 rw-p 00000000 00:00 0 
7f394594a000-7f3948000000 ---p 00000000 00:00 0 
7f3948000000-7f3948002000 r--s 00009000 00:2d 4327739                    /home/kaikun/.m2/repository/org/slf4j/slf4j-api/1.7.22/slf4j-api-1.7.22.jar
7f3948002000-7f394800f000 r--s 000ad000 00:2d 4327556                    /home/kaikun/.m2/repository/org/springframework/spring-beans/4.3.5.RELEASE/spring-beans-4.3.5.RELEASE.jar
7f394800f000-7f3948029000 r--s 000fc000 00:2d 4327552                    /home/kaikun/.m2/repository/org/springframework/spring-context/4.3.5.RELEASE/spring-context-4.3.5.RELEASE.jar
7f3948029000-7f394812a000 rw-p 00000000 00:00 0 
7f394812a000-7f3948303000 r--s 03d29000 fc:00 1455744                    /usr/lib/jvm/java-8-oracle/jre/lib/rt.jar
7f3948303000-7f394875e000 rw-p 00000000 00:00 0 
7f394875e000-7f394875f000 ---p 00000000 00:00 0 
7f394875f000-7f394885f000 rw-p 00000000 00:00 0 
7f394885f000-7f3948860000 ---p 00000000 00:00 0 
7f3948860000-7f3948960000 rw-p 00000000 00:00 0 
7f3948960000-7f3948961000 ---p 00000000 00:00 0 
7f3948961000-7f3948a61000 rw-p 00000000 00:00 0 
7f3948a61000-7f3948a62000 ---p 00000000 00:00 0 
7f3948a62000-7f3948b62000 rw-p 00000000 00:00 0 
7f3948b62000-7f3948b63000 ---p 00000000 00:00 0 
7f3948b63000-7f3948c63000 rw-p 00000000 00:00 0 
7f3948c63000-7f3948c64000 ---p 00000000 00:00 0 
7f3948c64000-7f3948d64000 rw-p 00000000 00:00 0 
7f3948d64000-7f3948d65000 ---p 00000000 00:00 0 
7f3948d65000-7f3948e65000 rw-p 00000000 00:00 0 
7f3948e65000-7f3948e66000 ---p 00000000 00:00 0 
7f3948e66000-7f3948f66000 rw-p 00000000 00:00 0 
7f3948f66000-7f3948f67000 ---p 00000000 00:00 0 
7f3948f67000-7f3949067000 rw-p 00000000 00:00 0 
7f3949067000-7f3949068000 ---p 00000000 00:00 0 
7f3949068000-7f3949189000 rw-p 00000000 00:00 0 
7f3949189000-7f3949401000 ---p 00000000 00:00 0 
7f3949401000-7f3949422000 rw-p 00000000 00:00 0 
7f3949422000-7f3949699000 ---p 00000000 00:00 0 
7f3949699000-7f394978d000 rw-p 00000000 00:00 0 
7f394978d000-7f39497e6000 ---p 00000000 00:00 0 
7f39497e6000-7f3949827000 rw-p 00000000 00:00 0 
7f3949827000-7f3949ba7000 ---p 00000000 00:00 0 
7f3949ba7000-7f3949bc1000 r-xp 00000000 fc:00 1455914                    /usr/lib/jvm/java-8-oracle/jre/lib/amd64/libzip.so
7f3949bc1000-7f3949dc1000 ---p 0001a000 fc:00 1455914                    /usr/lib/jvm/java-8-oracle/jre/lib/amd64/libzip.so
7f3949dc1000-7f3949dc2000 rw-p 0001a000 fc:00 1455914                    /usr/lib/jvm/java-8-oracle/jre/lib/amd64/libzip.so
7f3949dc2000-7f3949dcd000 r-xp 00000000 fc:00 4724043                    /lib/x86_64-linux-gnu/libnss_files-2.23.so
7f3949dcd000-7f3949fcc000 ---p 0000b000 fc:00 4724043                    /lib/x86_64-linux-gnu/libnss_files-2.23.so
7f3949fcc000-7f3949fcd000 r--p 0000a000 fc:00 4724043                    /lib/x86_64-linux-gnu/libnss_files-2.23.so
7f3949fcd000-7f3949fce000 rw-p 0000b000 fc:00 4724043                    /lib/x86_64-linux-gnu/libnss_files-2.23.so
7f3949fce000-7f3949fd4000 rw-p 00000000 00:00 0 
7f3949fd4000-7f3949fdf000 r-xp 00000000 fc:00 4724015                    /lib/x86_64-linux-gnu/libnss_nis-2.23.so
7f3949fdf000-7f394a1de000 ---p 0000b000 fc:00 4724015                    /lib/x86_64-linux-gnu/libnss_nis-2.23.so
7f394a1de000-7f394a1df000 r--p 0000a000 fc:00 4724015                    /lib/x86_64-linux-gnu/libnss_nis-2.23.so
7f394a1df000-7f394a1e0000 rw-p 0000b000 fc:00 4724015                    /lib/x86_64-linux-gnu/libnss_nis-2.23.so
7f394a1e0000-7f394a1f6000 r-xp 00000000 fc:00 4724037                    /lib/x86_64-linux-gnu/libnsl-2.23.so
7f394a1f6000-7f394a3f5000 ---p 00016000 fc:00 4724037                    /lib/x86_64-linux-gnu/libnsl-2.23.so
7f394a3f5000-7f394a3f6000 r--p 00015000 fc:00 4724037                    /lib/x86_64-linux-gnu/libnsl-2.23.so
7f394a3f6000-7f394a3f7000 rw-p 00016000 fc:00 4724037                    /lib/x86_64-linux-gnu/libnsl-2.23.so
7f394a3f7000-7f394a3f9000 rw-p 00000000 00:00 0 
7f394a3f9000-7f394a401000 r-xp 00000000 fc:00 4724039                    /lib/x86_64-linux-gnu/libnss_compat-2.23.so
7f394a401000-7f394a600000 ---p 00008000 fc:00 4724039                    /lib/x86_64-linux-gnu/libnss_compat-2.23.so
7f394a600000-7f394a601000 r--p 00007000 fc:00 4724039                    /lib/x86_64-linux-gnu/libnss_compat-2.23.so
7f394a601000-7f394a602000 rw-p 00008000 fc:00 4724039                    /lib/x86_64-linux-gnu/libnss_compat-2.23.so
7f394a602000-7f394a62c000 r-xp 00000000 fc:00 1455912                    /usr/lib/jvm/java-8-oracle/jre/lib/amd64/libjava.so
7f394a62c000-7f394a82c000 ---p 0002a000 fc:00 1455912                    /usr/lib/jvm/java-8-oracle/jre/lib/amd64/libjava.so
7f394a82c000-7f394a82e000 rw-p 0002a000 fc:00 1455912                    /usr/lib/jvm/java-8-oracle/jre/lib/amd64/libjava.so
7f394a82e000-7f394a83b000 r-xp 00000000 fc:00 1455904                    /usr/lib/jvm/java-8-oracle/jre/lib/amd64/libverify.so
7f394a83b000-7f394aa3b000 ---p 0000d000 fc:00 1455904                    /usr/lib/jvm/java-8-oracle/jre/lib/amd64/libverify.so
7f394aa3b000-7f394aa3d000 rw-p 0000d000 fc:00 1455904                    /usr/lib/jvm/java-8-oracle/jre/lib/amd64/libverify.so
7f394aa3d000-7f394aa44000 r-xp 00000000 fc:00 4724013                    /lib/x86_64-linux-gnu/librt-2.23.so
7f394aa44000-7f394ac43000 ---p 00007000 fc:00 4724013                    /lib/x86_64-linux-gnu/librt-2.23.so
7f394ac43000-7f394ac44000 r--p 00006000 fc:00 4724013                    /lib/x86_64-linux-gnu/librt-2.23.so
7f394ac44000-7f394ac45000 rw-p 00007000 fc:00 4724013                    /lib/x86_64-linux-gnu/librt-2.23.so
7f394ac45000-7f394ad4d000 r-xp 00000000 fc:00 4724033                    /lib/x86_64-linux-gnu/libm-2.23.so
7f394ad4d000-7f394af4c000 ---p 00108000 fc:00 4724033                    /lib/x86_64-linux-gnu/libm-2.23.so
7f394af4c000-7f394af4d000 r--p 00107000 fc:00 4724033                    /lib/x86_64-linux-gnu/libm-2.23.so
7f394af4d000-7f394af4e000 rw-p 00108000 fc:00 4724033                    /lib/x86_64-linux-gnu/libm-2.23.so
7f394af4e000-7f394bc19000 r-xp 00000000 fc:00 1455863                    /usr/lib/jvm/java-8-oracle/jre/lib/amd64/server/libjvm.so
7f394bc19000-7f394be18000 ---p 00ccb000 fc:00 1455863                    /usr/lib/jvm/java-8-oracle/jre/lib/amd64/server/libjvm.so
7f394be18000-7f394bef1000 rw-p 00cca000 fc:00 1455863                    /usr/lib/jvm/java-8-oracle/jre/lib/amd64/server/libjvm.so
7f394bef1000-7f394bf3c000 rw-p 00000000 00:00 0 
7f394bf3c000-7f394c0fb000 r-xp 00000000 fc:00 4724023                    /lib/x86_64-linux-gnu/libc-2.23.so
7f394c0fb000-7f394c2fb000 ---p 001bf000 fc:00 4724023                    /lib/x86_64-linux-gnu/libc-2.23.so
7f394c2fb000-7f394c2ff000 r--p 001bf000 fc:00 4724023                    /lib/x86_64-linux-gnu/libc-2.23.so
7f394c2ff000-7f394c301000 rw-p 001c3000 fc:00 4724023                    /lib/x86_64-linux-gnu/libc-2.23.so
7f394c301000-7f394c305000 rw-p 00000000 00:00 0 
7f394c305000-7f394c308000 r-xp 00000000 fc:00 4724021                    /lib/x86_64-linux-gnu/libdl-2.23.so
7f394c308000-7f394c507000 ---p 00003000 fc:00 4724021                    /lib/x86_64-linux-gnu/libdl-2.23.so
7f394c507000-7f394c508000 r--p 00002000 fc:00 4724021                    /lib/x86_64-linux-gnu/libdl-2.23.so
7f394c508000-7f394c509000 rw-p 00003000 fc:00 4724021                    /lib/x86_64-linux-gnu/libdl-2.23.so
7f394c509000-7f394c51e000 r-xp 00000000 fc:00 1455883                    /usr/lib/jvm/java-8-oracle/jre/lib/amd64/jli/libjli.so
7f394c51e000-7f394c71e000 ---p 00015000 fc:00 1455883                    /usr/lib/jvm/java-8-oracle/jre/lib/amd64/jli/libjli.so
7f394c71e000-7f394c71f000 rw-p 00015000 fc:00 1455883                    /usr/lib/jvm/java-8-oracle/jre/lib/amd64/jli/libjli.so
7f394c71f000-7f394c737000 r-xp 00000000 fc:00 4724035                    /lib/x86_64-linux-gnu/libpthread-2.23.so
7f394c737000-7f394c936000 ---p 00018000 fc:00 4724035                    /lib/x86_64-linux-gnu/libpthread-2.23.so
7f394c936000-7f394c937000 r--p 00017000 fc:00 4724035                    /lib/x86_64-linux-gnu/libpthread-2.23.so
7f394c937000-7f394c938000 rw-p 00018000 fc:00 4724035                    /lib/x86_64-linux-gnu/libpthread-2.23.so
7f394c938000-7f394c93c000 rw-p 00000000 00:00 0 
7f394c93c000-7f394c962000 r-xp 00000000 fc:00 4724001                    /lib/x86_64-linux-gnu/ld-2.23.so
7f394c962000-7f394c964000 r--s 00006000 00:2d 4329941                    /home/kaikun/.m2/repository/org/hibernate/hibernate-java8/5.0.11.Final/hibernate-java8-5.0.11.Final.jar
7f394c964000-7f394c965000 r--s 00003000 00:2d 4327731                    /home/kaikun/.m2/repository/org/apache/geronimo/specs/geronimo-jta_1.1_spec/1.1.1/geronimo-jta_1.1_spec-1.1.1.jar
7f394c965000-7f394c967000 r--s 0000f000 00:2d 4327564                    /home/kaikun/.m2/repository/org/jboss/logging/jboss-logging/3.3.0.Final/jboss-logging-3.3.0.Final.jar
7f394c967000-7f394ca38000 rw-p 00000000 00:00 0 
7f394ca38000-7f394ca3b000 ---p 00000000 00:00 0 
7f394ca3b000-7f394cb3d000 rw-p 00000000 00:00 0 
7f394cb3d000-7f394cb42000 r--s 0003c000 00:2d 4327560                    /home/kaikun/.m2/repository/org/springframework/spring-expression/4.3.5.RELEASE/spring-expression-4.3.5.RELEASE.jar
7f394cb42000-7f394cb4b000 r--s 00054000 00:2d 4327554                    /home/kaikun/.m2/repository/org/springframework/spring-aop/4.3.5.RELEASE/spring-aop-4.3.5.RELEASE.jar
7f394cb4b000-7f394cb4d000 r--s 00002000 00:2d 6167871                    /home/kaikun/workspace/GitHub/smarterTransfer/common/target/rest-backend-spring-common-0.0.1-SNAPSHOT.jar
7f394cb4d000-7f394cb52000 r--s 00020000 00:2d 4196937                    /home/kaikun/.m2/repository/org/apache/maven/surefire/surefire-api/2.18.1/surefire-api-2.18.1.jar
7f394cb52000-7f394cb54000 r--s 00008000 00:2d 4196935                    /home/kaikun/.m2/repository/org/apache/maven/surefire/surefire-booter/2.18.1/surefire-booter-2.18.1.jar
7f394cb54000-7f394cb55000 r--s 00002000 00:2d 6167971                    /home/kaikun/workspace/GitHub/smarterTransfer/registration/target/surefire/surefirebooter4270307108872672619.jar
7f394cb55000-7f394cb5d000 rw-s 00000000 fc:00 3407913                    /tmp/hsperfdata_kaikun/24298
7f394cb5d000-7f394cb5e000 rw-p 00000000 00:00 0 
7f394cb5e000-7f394cb5f000 ---p 00000000 00:00 0 
7f394cb5f000-7f394cb61000 rw-p 00000000 00:00 0 
7f394cb61000-7f394cb62000 r--p 00025000 fc:00 4724001                    /lib/x86_64-linux-gnu/ld-2.23.so
7f394cb62000-7f394cb63000 rw-p 00026000 fc:00 4724001                    /lib/x86_64-linux-gnu/ld-2.23.so
7f394cb63000-7f394cb64000 rw-p 00000000 00:00 0 
7fff6cc18000-7fff6cc39000 rw-p 00000000 00:00 0                          [stack]
7fff6cde7000-7fff6cde9000 r--p 00000000 00:00 0                          [vvar]
7fff6cde9000-7fff6cdeb000 r-xp 00000000 00:00 0                          [vdso]
ffffffffff600000-ffffffffff601000 r-xp 00000000 00:00 0                  [vsyscall]

VM Arguments:
java_command: /home/kaikun/workspace/GitHub/smarterTransfer/registration/target/surefire/surefirebooter4270307108872672619.jar /home/kaikun/workspace/GitHub/smarterTransfer/registration/target/surefire/surefire5116509525215595523tmp /home/kaikun/workspace/GitHub/smarterTransfer/registration/target/surefire/surefire_04496889304078257572tmp
java_class_path (initial): /home/kaikun/workspace/GitHub/smarterTransfer/registration/target/surefire/surefirebooter4270307108872672619.jar
Launcher Type: SUN_STANDARD

Environment Variables:
JAVA_HOME=/usr/lib/jvm/java-8-oracle
PATH=/usr/local/sbin:/usr/local/bin:/usr/sbin:/usr/bin:/sbin:/bin:/usr/games:/usr/local/games:/snap/bin
SHELL=/bin/bash
DISPLAY=:0

Signal Handlers:
SIGSEGV: [libjvm.so+0xac4790], sa_mask[0]=11111111011111111101111111111110, sa_flags=SA_RESTART|SA_SIGINFO
SIGBUS: [libjvm.so+0xac4790], sa_mask[0]=11111111011111111101111111111110, sa_flags=SA_RESTART|SA_SIGINFO
SIGFPE: [libjvm.so+0x91f140], sa_mask[0]=11111111011111111101111111111110, sa_flags=SA_RESTART|SA_SIGINFO
SIGPIPE: [libjvm.so+0x91f140], sa_mask[0]=11111111011111111101111111111110, sa_flags=SA_RESTART|SA_SIGINFO
SIGXFSZ: [libjvm.so+0x91f140], sa_mask[0]=11111111011111111101111111111110, sa_flags=SA_RESTART|SA_SIGINFO
SIGILL: [libjvm.so+0x91f140], sa_mask[0]=11111111011111111101111111111110, sa_flags=SA_RESTART|SA_SIGINFO
SIGUSR1: SIG_DFL, sa_mask[0]=00000000000000000000000000000000, sa_flags=none
SIGUSR2: [libjvm.so+0x920770], sa_mask[0]=00100000000000000000000000000000, sa_flags=SA_RESTART|SA_SIGINFO
SIGHUP: [libjvm.so+0x921b70], sa_mask[0]=11111111011111111101111111111110, sa_flags=SA_RESTART|SA_SIGINFO
SIGINT: [libjvm.so+0x921b70], sa_mask[0]=11111111011111111101111111111110, sa_flags=SA_RESTART|SA_SIGINFO
SIGTERM: [libjvm.so+0x921b70], sa_mask[0]=11111111011111111101111111111110, sa_flags=SA_RESTART|SA_SIGINFO
SIGQUIT: [libjvm.so+0x921b70], sa_mask[0]=11111111011111111101111111111110, sa_flags=SA_RESTART|SA_SIGINFO


---------------  S Y S T E M  ---------------

OS:DISTRIB_ID=Ubuntu
DISTRIB_RELEASE=16.04
DISTRIB_CODENAME=xenial
DISTRIB_DESCRIPTION="Ubuntu 16.04.1 LTS"

uname:Linux 4.4.0-59-generic #80-Ubuntu SMP Fri Jan 6 17:47:47 UTC 2017 x86_64
libc:glibc 2.23 NPTL 2.23 
rlimit: STACK 8192k, CORE 0k, NPROC 31731, NOFILE 65536, AS infinity
load average:1.44 0.76 0.70

/proc/meminfo:
MemTotal:        8164860 kB
MemFree:          149564 kB
MemAvailable:      83528 kB
Buffers:            1332 kB
Cached:           137668 kB
SwapCached:            0 kB
Active:          7620648 kB
Inactive:          92076 kB
Active(anon):    7580676 kB
Inactive(anon):    55076 kB
Active(file):      39972 kB
Inactive(file):    37000 kB
Unevictable:         104 kB
Mlocked:             104 kB
SwapTotal:             0 kB
SwapFree:              0 kB
Dirty:               732 kB
Writeback:             0 kB
AnonPages:       7577080 kB
Mapped:           118264 kB
Shmem:             58960 kB
Slab:             147876 kB
SReclaimable:      65012 kB
SUnreclaim:        82864 kB
KernelStack:       17024 kB
PageTables:        66764 kB
NFS_Unstable:          0 kB
Bounce:                0 kB
WritebackTmp:          0 kB
CommitLimit:     4082428 kB
Committed_AS:   17041776 kB
VmallocTotal:   34359738367 kB
VmallocUsed:           0 kB
VmallocChunk:          0 kB
HardwareCorrupted:     0 kB
AnonHugePages:   3426304 kB
CmaTotal:              0 kB
CmaFree:               0 kB
HugePages_Total:       0
HugePages_Free:        0
HugePages_Rsvd:        0
HugePages_Surp:        0
Hugepagesize:       2048 kB
DirectMap4k:      273920 kB
DirectMap2M:     8105984 kB
DirectMap1G:     2097152 kB


CPU:total 12 (6 cores per cpu, 2 threads per core) family 6 model 44 stepping 2, cmov, cx8, fxsr, mmx, sse, sse2, sse3, ssse3, sse4.1, sse4.2, popcnt, aes, clmul, ht, tsc, tscinvbit, tscinv

/proc/cpuinfo:
processor	: 0
vendor_id	: GenuineIntel
cpu family	: 6
model		: 44
model name	: Intel(R) Core(TM) i7 CPU         970  @ 3.20GHz
stepping	: 2
microcode	: 0x13
cpu MHz		: 1600.000
cache size	: 12288 KB
physical id	: 0
siblings	: 12
core id		: 0
cpu cores	: 6
apicid		: 0
initial apicid	: 0
fpu		: yes
fpu_exception	: yes
cpuid level	: 11
wp		: yes
flags		: fpu vme de pse tsc msr pae mce cx8 apic sep mtrr pge mca cmov pat pse36 clflush dts acpi mmx fxsr sse sse2 ss ht tm pbe syscall nx pdpe1gb rdtscp lm constant_tsc arch_perfmon pebs bts rep_good nopl xtopology nonstop_tsc aperfmperf pni pclmulqdq dtes64 monitor ds_cpl vmx est tm2 ssse3 cx16 xtpr pdcm pcid sse4_1 sse4_2 popcnt aes lahf_lm epb tpr_shadow vnmi flexpriority ept vpid dtherm ida arat
bugs		:
bogomips	: 6414.05
clflush size	: 64
cache_alignment	: 64
address sizes	: 36 bits physical, 48 bits virtual
power management:

processor	: 1
vendor_id	: GenuineIntel
cpu family	: 6
model		: 44
model name	: Intel(R) Core(TM) i7 CPU         970  @ 3.20GHz
stepping	: 2
microcode	: 0x13
cpu MHz		: 2133.000
cache size	: 12288 KB
physical id	: 0
siblings	: 12
core id		: 1
cpu cores	: 6
apicid		: 2
initial apicid	: 2
fpu		: yes
fpu_exception	: yes
cpuid level	: 11
wp		: yes
flags		: fpu vme de pse tsc msr pae mce cx8 apic sep mtrr pge mca cmov pat pse36 clflush dts acpi mmx fxsr sse sse2 ss ht tm pbe syscall nx pdpe1gb rdtscp lm constant_tsc arch_perfmon pebs bts rep_good nopl xtopology nonstop_tsc aperfmperf pni pclmulqdq dtes64 monitor ds_cpl vmx est tm2 ssse3 cx16 xtpr pdcm pcid sse4_1 sse4_2 popcnt aes lahf_lm epb tpr_shadow vnmi flexpriority ept vpid dtherm ida arat
bugs		:
bogomips	: 6414.05
clflush size	: 64
cache_alignment	: 64
address sizes	: 36 bits physical, 48 bits virtual
power management:

processor	: 2
vendor_id	: GenuineIntel
cpu family	: 6
model		: 44
model name	: Intel(R) Core(TM) i7 CPU         970  @ 3.20GHz
stepping	: 2
microcode	: 0x13
cpu MHz		: 1733.000
cache size	: 12288 KB
physical id	: 0
siblings	: 12
core id		: 2
cpu cores	: 6
apicid		: 4
initial apicid	: 4
fpu		: yes
fpu_exception	: yes
cpuid level	: 11
wp		: yes
flags		: fpu vme de pse tsc msr pae mce cx8 apic sep mtrr pge mca cmov pat pse36 clflush dts acpi mmx fxsr sse sse2 ss ht tm pbe syscall nx pdpe1gb rdtscp lm constant_tsc arch_perfmon pebs bts rep_good nopl xtopology nonstop_tsc aperfmperf pni pclmulqdq dtes64 monitor ds_cpl vmx est tm2 ssse3 cx16 xtpr pdcm pcid sse4_1 sse4_2 popcnt aes lahf_lm epb tpr_shadow vnmi flexpriority ept vpid dtherm ida arat
bugs		:
bogomips	: 6414.05
clflush size	: 64
cache_alignment	: 64
address sizes	: 36 bits physical, 48 bits virtual
power management:

processor	: 3
vendor_id	: GenuineIntel
cpu family	: 6
model		: 44
model name	: Intel(R) Core(TM) i7 CPU         970  @ 3.20GHz
stepping	: 2
microcode	: 0x13
cpu MHz		: 3067.000
cache size	: 12288 KB
physical id	: 0
siblings	: 12
core id		: 8
cpu cores	: 6
apicid		: 16
initial apicid	: 16
fpu		: yes
fpu_exception	: yes
cpuid level	: 11
wp		: yes
flags		: fpu vme de pse tsc msr pae mce cx8 apic sep mtrr pge mca cmov pat pse36 clflush dts acpi mmx fxsr sse sse2 ss ht tm pbe syscall nx pdpe1gb rdtscp lm constant_tsc arch_perfmon pebs bts rep_good nopl xtopology nonstop_tsc aperfmperf pni pclmulqdq dtes64 monitor ds_cpl vmx est tm2 ssse3 cx16 xtpr pdcm pcid sse4_1 sse4_2 popcnt aes lahf_lm epb tpr_shadow vnmi flexpriority ept vpid dtherm ida arat
bugs		:
bogomips	: 6414.05
clflush size	: 64
cache_alignment	: 64
address sizes	: 36 bits physical, 48 bits virtual
power management:

processor	: 4
vendor_id	: GenuineIntel
cpu family	: 6
model		: 44
model name	: Intel(R) Core(TM) i7 CPU         970  @ 3.20GHz
stepping	: 2
microcode	: 0x13
cpu MHz		: 3201.000
cache size	: 12288 KB
physical id	: 0
siblings	: 12
core id		: 9
cpu cores	: 6
apicid		: 18
initial apicid	: 18
fpu		: yes
fpu_exception	: yes
cpuid level	: 11
wp		: yes
flags		: fpu vme de pse tsc msr pae mce cx8 apic sep mtrr pge mca cmov pat pse36 clflush dts acpi mmx fxsr sse sse2 ss ht tm pbe syscall nx pdpe1gb rdtscp lm constant_tsc arch_perfmon pebs bts rep_good nopl xtopology nonstop_tsc aperfmperf pni pclmulqdq dtes64 monitor ds_cpl vmx est tm2 ssse3 cx16 xtpr pdcm pcid sse4_1 sse4_2 popcnt aes lahf_lm epb tpr_shadow vnmi flexpriority ept vpid dtherm ida arat
bugs		:
bogomips	: 6414.05
clflush size	: 64
cache_alignment	: 64
address sizes	: 36 bits physical, 48 bits virtual
power management:

processor	: 5
vendor_id	: GenuineIntel
cpu family	: 6
model		: 44
model name	: Intel(R) Core(TM) i7 CPU         970  @ 3.20GHz
stepping	: 2
microcode	: 0x13
cpu MHz		: 1733.000
cache size	: 12288 KB
physical id	: 0
siblings	: 12
core id		: 10
cpu cores	: 6
apicid		: 20
initial apicid	: 20
fpu		: yes
fpu_exception	: yes
cpuid level	: 11
wp		: yes
flags		: fpu vme de pse tsc msr pae mce cx8 apic sep mtrr pge mca cmov pat pse36 clflush dts acpi mmx fxsr sse sse2 ss ht tm pbe syscall nx pdpe1gb rdtscp lm constant_tsc arch_perfmon pebs bts rep_good nopl xtopology nonstop_tsc aperfmperf pni pclmulqdq dtes64 monitor ds_cpl vmx est tm2 ssse3 cx16 xtpr pdcm pcid sse4_1 sse4_2 popcnt aes lahf_lm epb tpr_shadow vnmi flexpriority ept vpid dtherm ida arat
bugs		:
bogomips	: 6414.05
clflush size	: 64
cache_alignment	: 64
address sizes	: 36 bits physical, 48 bits virtual
power management:

processor	: 6
vendor_id	: GenuineIntel
cpu family	: 6
model		: 44
model name	: Intel(R) Core(TM) i7 CPU         970  @ 3.20GHz
stepping	: 2
microcode	: 0x13
cpu MHz		: 1733.000
cache size	: 12288 KB
physical id	: 0
siblings	: 12
core id		: 0
cpu cores	: 6
apicid		: 1
initial apicid	: 1
fpu		: yes
fpu_exception	: yes
cpuid level	: 11
wp		: yes
flags		: fpu vme de pse tsc msr pae mce cx8 apic sep mtrr pge mca cmov pat pse36 clflush dts acpi mmx fxsr sse sse2 ss ht tm pbe syscall nx pdpe1gb rdtscp lm constant_tsc arch_perfmon pebs bts rep_good nopl xtopology nonstop_tsc aperfmperf pni pclmulqdq dtes64 monitor ds_cpl vmx est tm2 ssse3 cx16 xtpr pdcm pcid sse4_1 sse4_2 popcnt aes lahf_lm epb tpr_shadow vnmi flexpriority ept vpid dtherm ida arat
bugs		:
bogomips	: 6414.05
clflush size	: 64
cache_alignment	: 64
address sizes	: 36 bits physical, 48 bits virtual
power management:

processor	: 7
vendor_id	: GenuineIntel
cpu family	: 6
model		: 44
model name	: Intel(R) Core(TM) i7 CPU         970  @ 3.20GHz
stepping	: 2
microcode	: 0x13
cpu MHz		: 3201.000
cache size	: 12288 KB
physical id	: 0
siblings	: 12
core id		: 1
cpu cores	: 6
apicid		: 3
initial apicid	: 3
fpu		: yes
fpu_exception	: yes
cpuid level	: 11
wp		: yes
flags		: fpu vme de pse tsc msr pae mce cx8 apic sep mtrr pge mca cmov pat pse36 clflush dts acpi mmx fxsr sse sse2 ss ht tm pbe syscall nx pdpe1gb rdtscp lm constant_tsc arch_perfmon pebs bts rep_good nopl xtopology nonstop_tsc aperfmperf pni pclmulqdq dtes64 monitor ds_cpl vmx est tm2 ssse3 cx16 xtpr pdcm pcid sse4_1 sse4_2 popcnt aes lahf_lm epb tpr_shadow vnmi flexpriority ept vpid dtherm ida arat
bugs		:
bogomips	: 6414.05
clflush size	: 64
cache_alignment	: 64
address sizes	: 36 bits physical, 48 bits virtual
power management:

processor	: 8
vendor_id	: GenuineIntel
cpu family	: 6
model		: 44
model name	: Intel(R) Core(TM) i7 CPU         970  @ 3.20GHz
stepping	: 2
microcode	: 0x13
cpu MHz		: 1600.000
cache size	: 12288 KB
physical id	: 0
siblings	: 12
core id		: 2
cpu cores	: 6
apicid		: 5
initial apicid	: 5
fpu		: yes
fpu_exception	: yes
cpuid level	: 11
wp		: yes
flags		: fpu vme de pse tsc msr pae mce cx8 apic sep mtrr pge mca cmov pat pse36 clflush dts acpi mmx fxsr sse sse2 ss ht tm pbe syscall nx pdpe1gb rdtscp lm constant_tsc arch_perfmon pebs bts rep_good nopl xtopology nonstop_tsc aperfmperf pni pclmulqdq dtes64 monitor ds_cpl vmx est tm2 ssse3 cx16 xtpr pdcm pcid sse4_1 sse4_2 popcnt aes lahf_lm epb tpr_shadow vnmi flexpriority ept vpid dtherm ida arat
bugs		:
bogomips	: 6414.05
clflush size	: 64
cache_alignment	: 64
address sizes	: 36 bits physical, 48 bits virtual
power management:

processor	: 9
vendor_id	: GenuineIntel
cpu family	: 6
model		: 44
model name	: Intel(R) Core(TM) i7 CPU         970  @ 3.20GHz
stepping	: 2
microcode	: 0x13
cpu MHz		: 3201.000
cache size	: 12288 KB
physical id	: 0
siblings	: 12
core id		: 8
cpu cores	: 6
apicid		: 17
initial apicid	: 17
fpu		: yes
fpu_exception	: yes
cpuid level	: 11
wp		: yes
flags		: fpu vme de pse tsc msr pae mce cx8 apic sep mtrr pge mca cmov pat pse36 clflush dts acpi mmx fxsr sse sse2 ss ht tm pbe syscall nx pdpe1gb rdtscp lm constant_tsc arch_perfmon pebs bts rep_good nopl xtopology nonstop_tsc aperfmperf pni pclmulqdq dtes64 monitor ds_cpl vmx est tm2 ssse3 cx16 xtpr pdcm pcid sse4_1 sse4_2 popcnt aes lahf_lm epb tpr_shadow vnmi flexpriority ept vpid dtherm ida arat
bugs		:
bogomips	: 6414.05
clflush size	: 64
cache_alignment	: 64
address sizes	: 36 bits physical, 48 bits virtual
power management:

processor	: 10
vendor_id	: GenuineIntel
cpu family	: 6
model		: 44
model name	: Intel(R) Core(TM) i7 CPU         970  @ 3.20GHz
stepping	: 2
microcode	: 0x13
cpu MHz		: 3201.000
cache size	: 12288 KB
physical id	: 0
siblings	: 12
core id		: 9
cpu cores	: 6
apicid		: 19
initial apicid	: 19
fpu		: yes
fpu_exception	: yes
cpuid level	: 11
wp		: yes
flags		: fpu vme de pse tsc msr pae mce cx8 apic sep mtrr pge mca cmov pat pse36 clflush dts acpi mmx fxsr sse sse2 ss ht tm pbe syscall nx pdpe1gb rdtscp lm constant_tsc arch_perfmon pebs bts rep_good nopl xtopology nonstop_tsc aperfmperf pni pclmulqdq dtes64 monitor ds_cpl vmx est tm2 ssse3 cx16 xtpr pdcm pcid sse4_1 sse4_2 popcnt aes lahf_lm epb tpr_shadow vnmi flexpriority ept vpid dtherm ida arat
bugs		:
bogomips	: 6414.05
clflush size	: 64
cache_alignment	: 64
address sizes	: 36 bits physical, 48 bits virtual
power management:

processor	: 11
vendor_id	: GenuineIntel
cpu family	: 6
model		: 44
model name	: Intel(R) Core(TM) i7 CPU         970  @ 3.20GHz
stepping	: 2
microcode	: 0x13
cpu MHz		: 2933.000
cache size	: 12288 KB
physical id	: 0
siblings	: 12
core id		: 10
cpu cores	: 6
apicid		: 21
initial apicid	: 21
fpu		: yes
fpu_exception	: yes
cpuid level	: 11
wp		: yes
flags		: fpu vme de pse tsc msr pae mce cx8 apic sep mtrr pge mca cmov pat pse36 clflush dts acpi mmx fxsr sse sse2 ss ht tm pbe syscall nx pdpe1gb rdtscp lm constant_tsc arch_perfmon pebs bts rep_good nopl xtopology nonstop_tsc aperfmperf pni pclmulqdq dtes64 monitor ds_cpl vmx est tm2 ssse3 cx16 xtpr pdcm pcid sse4_1 sse4_2 popcnt aes lahf_lm epb tpr_shadow vnmi flexpriority ept vpid dtherm ida arat
bugs		:
bogomips	: 6414.05
clflush size	: 64
cache_alignment	: 64
address sizes	: 36 bits physical, 48 bits virtual
power management:



Memory: 4k page, physical 8164860k(149564k free), swap 0k(0k free)

vm_info: Java HotSpot(TM) 64-Bit Server VM (25.101-b13) for linux-amd64 JRE (1.8.0_101-b13), built on Jun 22 2016 02:59:44 by "java_re" with gcc 4.3.0 20080428 (Red Hat 4.3.0-8)

time: Fri Jan 13 19:25:17 2017
elapsed time: 6 seconds (0d 0h 0m 6s)

